<?xml version="1.0" encoding="UTF-8"?>
<coverage generated="1758199936028" clover="3.2.0">
  <project timestamp="1758199936028" name="All files">
    <metrics statements="9" coveredstatements="7" conditionals="11" coveredconditionals="9" methods="2" coveredmethods="2" elements="22" coveredelements="18" complexity="0" loc="9" ncloc="9" packages="1" files="1" classes="1"/>
    <file name="functions.ts" path="/Users/mansberg/Desktop/Skola/dagensuppgift/fed24s-testning-integrationstester-monsterberget/src/ts/functions.ts">
      <metrics statements="9" coveredstatements="7" conditionals="11" coveredconditionals="9" methods="2" coveredmethods="2"/>
      <line num="3" count="1" type="cond" truecount="1" falsecount="0"/>
      <line num="4" count="3" type="stmt"/>
      <line num="5" count="10" type="cond" truecount="2" falsecount="0"/>
      <line num="6" count="6" type="cond" truecount="2" falsecount="0"/>
      <line num="7" count="2" type="cond" truecount="1" falsecount="1"/>
      <line num="9" count="0" type="stmt"/>
      <line num="11" count="4" type="cond" truecount="2" falsecount="0"/>
      <line num="12" count="1" type="cond" truecount="1" falsecount="1"/>
      <line num="14" count="0" type="stmt"/>
    </file>
  </project>
</coverage>
